<?xml version="1.0" encoding="UTF-8"?>
<testsuites>
  <testsuite name="" tests="1" assertions="1" failures="0" errors="0" time="0.049640">
    <testsuite name="Smoke Tests" tests="1" assertions="1" failures="0" errors="0" time="0.049640">
      <testsuite name="Smoke_test" file="C:\inetpub\eproc\vms\app\application\tests\Smoke_test.php" tests="1" assertions="1" failures="0" errors="0" time="0.049640">
        <testsuite name="Smoke_test::test_controller_route" tests="1" assertions="1" failures="0" errors="0" time="0.049640">
          <testcase name="test_controller_route with data set #7" assertions="1" time="0.049640"/>
        </testsuite>
      </testsuite>
    </testsuite>
  </testsuite>
</testsuites>
